{"/Users/baronwilleford/Documents/node_stuff/power-hourer-server/src/index.js": {"path":"/Users/baronwilleford/Documents/node_stuff/power-hourer-server/src/index.js","statementMap":{"0":{"start":{"line":1,"column":27},"end":{"line":1,"column":46}},"1":{"start":{"line":1,"column":62},"end":{"line":1,"column":93}},"2":{"start":{"line":1,"column":132},"end":{"line":1,"column":186}},"3":{"start":{"line":3,"column":0},"end":{"line":3,"column":24}}},"fnMap":{"0":{"name":"_interopRequireDefault","decl":{"start":{"line":1,"column":103},"end":{"line":1,"column":125}},"loc":{"start":{"line":1,"column":131},"end":{"line":1,"column":187}},"line":1}},"branchMap":{"0":{"loc":{"start":{"line":1,"column":139},"end":{"line":1,"column":185}},"type":"cond-expr","locations":[{"start":{"line":1,"column":163},"end":{"line":1,"column":166}},{"start":{"line":1,"column":169},"end":{"line":1,"column":185}}],"line":1},"1":{"loc":{"start":{"line":1,"column":139},"end":{"line":1,"column":160}},"type":"binary-expr","locations":[{"start":{"line":1,"column":139},"end":{"line":1,"column":142}},{"start":{"line":1,"column":146},"end":{"line":1,"column":160}}],"line":1}},"s":{"0":0,"1":0,"2":0,"3":0},"f":{"0":0},"b":{"0":[0,0],"1":[0,0]}}
,"/Users/baronwilleford/Documents/node_stuff/power-hourer-server/src/server.js": {"path":"/Users/baronwilleford/Documents/node_stuff/power-hourer-server/src/server.js","statementMap":{"0":{"start":{"line":1,"column":13},"end":{"line":1,"column":75}},"1":{"start":{"line":1,"column":90},"end":{"line":1,"column":108}},"2":{"start":{"line":1,"column":125},"end":{"line":1,"column":157}},"3":{"start":{"line":2,"column":12},"end":{"line":2,"column":27}},"4":{"start":{"line":2,"column":41},"end":{"line":2,"column":70}},"5":{"start":{"line":4,"column":14},"end":{"line":4,"column":31}},"6":{"start":{"line":4,"column":47},"end":{"line":4,"column":78}},"7":{"start":{"line":5,"column":18},"end":{"line":5,"column":40}},"8":{"start":{"line":5,"column":60},"end":{"line":5,"column":95}},"9":{"start":{"line":7,"column":21},"end":{"line":7,"column":55}},"10":{"start":{"line":7,"column":78},"end":{"line":7,"column":116}},"11":{"start":{"line":8,"column":14},"end":{"line":8,"column":40}},"12":{"start":{"line":8,"column":56},"end":{"line":8,"column":87}},"13":{"start":{"line":9,"column":19},"end":{"line":9,"column":49}},"14":{"start":{"line":9,"column":70},"end":{"line":9,"column":106}},"15":{"start":{"line":10,"column":23},"end":{"line":10,"column":61}},"16":{"start":{"line":10,"column":86},"end":{"line":10,"column":126}},"17":{"start":{"line":10,"column":165},"end":{"line":10,"column":219}},"18":{"start":{"line":10,"column":252},"end":{"line":10,"column":652}},"19":{"start":{"line":10,"column":282},"end":{"line":10,"column":307}},"20":{"start":{"line":10,"column":308},"end":{"line":10,"column":650}},"21":{"start":{"line":10,"column":380},"end":{"line":10,"column":472}},"22":{"start":{"line":10,"column":396},"end":{"line":10,"column":409}},"23":{"start":{"line":10,"column":422},"end":{"line":10,"column":432}},"24":{"start":{"line":10,"column":450},"end":{"line":10,"column":464}},"25":{"start":{"line":10,"column":464},"end":{"line":10,"column":471}},"26":{"start":{"line":10,"column":472},"end":{"line":10,"column":626}},"27":{"start":{"line":10,"column":488},"end":{"line":10,"column":503}},"28":{"start":{"line":10,"column":511},"end":{"line":10,"column":625}},"29":{"start":{"line":10,"column":564},"end":{"line":10,"column":584}},"30":{"start":{"line":10,"column":603},"end":{"line":10,"column":622}},"31":{"start":{"line":10,"column":627},"end":{"line":10,"column":647}},"32":{"start":{"line":10,"column":653},"end":{"line":42,"column":153}},"33":{"start":{"line":10,"column":695},"end":{"line":42,"column":81}},"34":{"start":{"line":12,"column":46},"end":{"line":42,"column":78}},"35":{"start":{"line":12,"column":106},"end":{"line":42,"column":60}},"36":{"start":{"line":12,"column":117},"end":{"line":42,"column":59}},"37":{"start":{"line":13,"column":12},"end":{"line":13,"column":43}},"38":{"start":{"line":14,"column":12},"end":{"line":14,"column":43}},"39":{"start":{"line":16,"column":12},"end":{"line":16,"column":55}},"40":{"start":{"line":17,"column":12},"end":{"line":17,"column":49}},"41":{"start":{"line":17,"column":49},"end":{"line":17,"column":67}},"42":{"start":{"line":17,"column":67},"end":{"line":19,"column":46}},"43":{"start":{"line":19,"column":53},"end":{"line":19,"column":75}},"44":{"start":{"line":19,"column":75},"end":{"line":19,"column":99}},"45":{"start":{"line":21,"column":12},"end":{"line":21,"column":53}},"46":{"start":{"line":22,"column":12},"end":{"line":22,"column":61}},"47":{"start":{"line":24,"column":12},"end":{"line":26,"column":15}},"48":{"start":{"line":25,"column":14},"end":{"line":25,"column":53}},"49":{"start":{"line":28,"column":12},"end":{"line":32,"column":15}},"50":{"start":{"line":29,"column":14},"end":{"line":30,"column":30}},"51":{"start":{"line":32,"column":15},"end":{"line":42,"column":16}},"52":{"start":{"line":35,"column":27},"end":{"line":41,"column":16}},"53":{"start":{"line":36,"column":16},"end":{"line":36,"column":74}},"54":{"start":{"line":37,"column":16},"end":{"line":39,"column":19}},"55":{"start":{"line":38,"column":18},"end":{"line":38,"column":28}},"56":{"start":{"line":40,"column":16},"end":{"line":40,"column":32}},"57":{"start":{"line":42,"column":35},"end":{"line":42,"column":58}},"58":{"start":{"line":42,"column":100},"end":{"line":42,"column":135}},"59":{"start":{"line":42,"column":136},"end":{"line":42,"column":149}}},"fnMap":{"0":{"name":"_interopRequireDefault","decl":{"start":{"line":10,"column":136},"end":{"line":10,"column":158}},"loc":{"start":{"line":10,"column":164},"end":{"line":10,"column":220}},"line":10},"1":{"name":"_asyncToGenerator","decl":{"start":{"line":10,"column":229},"end":{"line":10,"column":246}},"loc":{"start":{"line":10,"column":251},"end":{"line":10,"column":653}},"line":10},"2":{"name":"(anonymous_2)","decl":{"start":{"line":10,"column":259},"end":{"line":10,"column":260}},"loc":{"start":{"line":10,"column":271},"end":{"line":10,"column":651}},"line":10},"3":{"name":"(anonymous_3)","decl":{"start":{"line":10,"column":327},"end":{"line":10,"column":328}},"loc":{"start":{"line":10,"column":354},"end":{"line":10,"column":648}},"line":10},"4":{"name":"step","decl":{"start":{"line":10,"column":364},"end":{"line":10,"column":368}},"loc":{"start":{"line":10,"column":379},"end":{"line":10,"column":627}},"line":10},"5":{"name":"(anonymous_5)","decl":{"start":{"line":10,"column":546},"end":{"line":10,"column":547}},"loc":{"start":{"line":10,"column":563},"end":{"line":10,"column":585}},"line":10},"6":{"name":"(anonymous_6)","decl":{"start":{"line":10,"column":587},"end":{"line":10,"column":588}},"loc":{"start":{"line":10,"column":602},"end":{"line":10,"column":623}},"line":10},"7":{"name":"(anonymous_7)","decl":{"start":{"line":10,"column":671},"end":{"line":10,"column":672}},"loc":{"start":{"line":10,"column":683},"end":{"line":42,"column":150}},"line":10},"8":{"name":"_callee","decl":{"start":{"line":12,"column":11},"end":{"line":12,"column":18}},"loc":{"start":{"line":12,"column":21},"end":{"line":42,"column":79}},"line":12},"9":{"name":"_callee$","decl":{"start":{"line":12,"column":86},"end":{"line":12,"column":94}},"loc":{"start":{"line":12,"column":105},"end":{"line":42,"column":61}},"line":12},"10":{"name":"(anonymous_10)","decl":{"start":{"line":24,"column":20},"end":{"line":24,"column":21}},"loc":{"start":{"line":24,"column":40},"end":{"line":26,"column":13}},"line":24},"11":{"name":"(anonymous_11)","decl":{"start":{"line":28,"column":20},"end":{"line":28,"column":21}},"loc":{"start":{"line":28,"column":45},"end":{"line":32,"column":13}},"line":28},"12":{"name":"(anonymous_12)","decl":{"start":{"line":34,"column":24},"end":{"line":34,"column":25}},"loc":{"start":{"line":34,"column":43},"end":{"line":42,"column":13}},"line":34},"13":{"name":"(anonymous_13)","decl":{"start":{"line":35,"column":61},"end":{"line":35,"column":62}},"loc":{"start":{"line":35,"column":73},"end":{"line":41,"column":15}},"line":35},"14":{"name":"(anonymous_14)","decl":{"start":{"line":37,"column":35},"end":{"line":37,"column":36}},"loc":{"start":{"line":37,"column":47},"end":{"line":39,"column":17}},"line":37},"15":{"name":"start","decl":{"start":{"line":42,"column":91},"end":{"line":42,"column":96}},"loc":{"start":{"line":42,"column":99},"end":{"line":42,"column":136}},"line":42}},"branchMap":{"0":{"loc":{"start":{"line":10,"column":172},"end":{"line":10,"column":218}},"type":"cond-expr","locations":[{"start":{"line":10,"column":196},"end":{"line":10,"column":199}},{"start":{"line":10,"column":202},"end":{"line":10,"column":218}}],"line":10},"1":{"loc":{"start":{"line":10,"column":172},"end":{"line":10,"column":193}},"type":"binary-expr","locations":[{"start":{"line":10,"column":172},"end":{"line":10,"column":175}},{"start":{"line":10,"column":179},"end":{"line":10,"column":193}}],"line":10},"2":{"loc":{"start":{"line":10,"column":472},"end":{"line":10,"column":626}},"type":"if","locations":[{"start":{"line":10,"column":472},"end":{"line":10,"column":626}},{"start":{"line":10,"column":472},"end":{"line":10,"column":626}}],"line":10},"3":{"loc":{"start":{"line":12,"column":117},"end":{"line":42,"column":59}},"type":"switch","locations":[{"start":{"line":12,"column":157},"end":{"line":19,"column":46}},{"start":{"line":19,"column":46},"end":{"line":42,"column":16}},{"start":{"line":42,"column":16},"end":{"line":42,"column":24}},{"start":{"line":42,"column":24},"end":{"line":42,"column":58}}],"line":12}},"s":{"0":0,"1":0,"2":0,"3":0,"4":0,"5":0,"6":0,"7":0,"8":0,"9":0,"10":0,"11":0,"12":0,"13":0,"14":0,"15":0,"16":0,"17":0,"18":0,"19":0,"20":0,"21":0,"22":0,"23":0,"24":0,"25":0,"26":0,"27":0,"28":0,"29":0,"30":0,"31":0,"32":0,"33":0,"34":0,"35":0,"36":0,"37":0,"38":0,"39":0,"40":0,"41":0,"42":0,"43":0,"44":0,"45":0,"46":0,"47":0,"48":0,"49":0,"50":0,"51":0,"52":0,"53":0,"54":0,"55":0,"56":0,"57":0,"58":0,"59":0},"f":{"0":0,"1":0,"2":0,"3":0,"4":0,"5":0,"6":0,"7":0,"8":0,"9":0,"10":0,"11":0,"12":0,"13":0,"14":0,"15":0},"b":{"0":[0,0],"1":[0,0],"2":[0,0],"3":[0,0,0,0]}}
,"/Users/baronwilleford/Documents/node_stuff/power-hourer-server/src/auth/auth.js": {"path":"/Users/baronwilleford/Documents/node_stuff/power-hourer-server/src/auth/auth.js","statementMap":{"0":{"start":{"line":1,"column":13},"end":{"line":1,"column":75}},"1":{"start":{"line":1,"column":75},"end":{"line":7,"column":22}},"2":{"start":{"line":7,"column":22},"end":{"line":15,"column":26}},"3":{"start":{"line":15,"column":26},"end":{"line":25,"column":30}},"4":{"start":{"line":25,"column":50},"end":{"line":25,"column":73}},"5":{"start":{"line":25,"column":95},"end":{"line":25,"column":132}},"6":{"start":{"line":25,"column":151},"end":{"line":25,"column":173}},"7":{"start":{"line":25,"column":193},"end":{"line":25,"column":228}},"8":{"start":{"line":25,"column":243},"end":{"line":25,"column":270}},"9":{"start":{"line":25,"column":286},"end":{"line":25,"column":317}},"10":{"start":{"line":25,"column":356},"end":{"line":25,"column":410}},"11":{"start":{"line":25,"column":428},"end":{"line":25,"column":490}},"12":{"start":{"line":25,"column":515},"end":{"line":25,"column":632}},"13":{"start":{"line":25,"column":657},"end":{"line":25,"column":836}},"14":{"start":{"line":25,"column":691},"end":{"line":25,"column":807}},"15":{"start":{"line":25,"column":747},"end":{"line":25,"column":806}},"16":{"start":{"line":25,"column":807},"end":{"line":25,"column":834}},"17":{"start":{"line":26,"column":2},"end":{"line":32,"column":4}},"18":{"start":{"line":27,"column":4},"end":{"line":31,"column":5}},"19":{"start":{"line":28,"column":6},"end":{"line":28,"column":26}},"20":{"start":{"line":30,"column":6},"end":{"line":30,"column":13}}},"fnMap":{"0":{"name":"_interopRequireDefault","decl":{"start":{"line":25,"column":327},"end":{"line":25,"column":349}},"loc":{"start":{"line":25,"column":355},"end":{"line":25,"column":411}},"line":25},"1":{"name":"signToken","decl":{"start":{"line":25,"column":500},"end":{"line":25,"column":509}},"loc":{"start":{"line":25,"column":514},"end":{"line":25,"column":633}},"line":25},"2":{"name":"decodeToken","decl":{"start":{"line":25,"column":642},"end":{"line":25,"column":653}},"loc":{"start":{"line":25,"column":656},"end":{"line":25,"column":837}},"line":25},"3":{"name":"(anonymous_3)","decl":{"start":{"line":25,"column":664},"end":{"line":25,"column":665}},"loc":{"start":{"line":25,"column":690},"end":{"line":25,"column":835}},"line":25},"4":{"name":"authorizeUser","decl":{"start":{"line":25,"column":846},"end":{"line":25,"column":859}},"loc":{"start":{"line":25,"column":862},"end":{"line":33,"column":1}},"line":25},"5":{"name":"(anonymous_5)","decl":{"start":{"line":26,"column":9},"end":{"line":26,"column":10}},"loc":{"start":{"line":26,"column":35},"end":{"line":32,"column":3}},"line":26}},"branchMap":{"0":{"loc":{"start":{"line":25,"column":363},"end":{"line":25,"column":409}},"type":"cond-expr","locations":[{"start":{"line":25,"column":387},"end":{"line":25,"column":390}},{"start":{"line":25,"column":393},"end":{"line":25,"column":409}}],"line":25},"1":{"loc":{"start":{"line":25,"column":363},"end":{"line":25,"column":384}},"type":"binary-expr","locations":[{"start":{"line":25,"column":363},"end":{"line":25,"column":366}},{"start":{"line":25,"column":370},"end":{"line":25,"column":384}}],"line":25},"2":{"loc":{"start":{"line":25,"column":691},"end":{"line":25,"column":807}},"type":"if","locations":[{"start":{"line":25,"column":691},"end":{"line":25,"column":807}},{"start":{"line":25,"column":691},"end":{"line":25,"column":807}}],"line":25},"3":{"loc":{"start":{"line":25,"column":695},"end":{"line":25,"column":744}},"type":"binary-expr","locations":[{"start":{"line":25,"column":695},"end":{"line":25,"column":704}},{"start":{"line":25,"column":708},"end":{"line":25,"column":744}}],"line":25},"4":{"loc":{"start":{"line":27,"column":4},"end":{"line":31,"column":5}},"type":"if","locations":[{"start":{"line":27,"column":4},"end":{"line":31,"column":5}},{"start":{"line":27,"column":4},"end":{"line":31,"column":5}}],"line":27}},"s":{"0":0,"1":0,"2":0,"3":0,"4":0,"5":0,"6":0,"7":0,"8":0,"9":0,"10":0,"11":0,"12":0,"13":0,"14":0,"15":0,"16":0,"17":0,"18":0,"19":0,"20":0},"f":{"0":0,"1":0,"2":0,"3":0,"4":0,"5":0},"b":{"0":[0,0],"1":[0,0],"2":[0,0],"3":[0,0],"4":[0,0]}}
,"/Users/baronwilleford/Documents/node_stuff/power-hourer-server/src/config/config.js": {"path":"/Users/baronwilleford/Documents/node_stuff/power-hourer-server/src/config/config.js","statementMap":{"0":{"start":{"line":1,"column":13},"end":{"line":1,"column":75}},"1":{"start":{"line":1,"column":75},"end":{"line":1,"column":102}},"2":{"start":{"line":1,"column":102},"end":{"line":6,"column":35}}},"fnMap":{},"branchMap":{"0":{"loc":{"start":{"line":4,"column":8},"end":{"line":4,"column":32}},"type":"binary-expr","locations":[{"start":{"line":4,"column":8},"end":{"line":4,"column":24}},{"start":{"line":4,"column":28},"end":{"line":4,"column":32}}],"line":4}},"s":{"0":0,"1":0,"2":0},"f":{},"b":{"0":[0,0]}}
,"/Users/baronwilleford/Documents/node_stuff/power-hourer-server/src/config/setup-mongoose.js": {"path":"/Users/baronwilleford/Documents/node_stuff/power-hourer-server/src/config/setup-mongoose.js","statementMap":{"0":{"start":{"line":3,"column":0},"end":{"line":3,"column":26}},"1":{"start":{"line":6,"column":2},"end":{"line":8,"column":3}},"2":{"start":{"line":7,"column":4},"end":{"line":7,"column":31}},"3":{"start":{"line":10,"column":2},"end":{"line":14,"column":3}},"4":{"start":{"line":11,"column":4},"end":{"line":11,"column":42}},"5":{"start":{"line":13,"column":4},"end":{"line":13,"column":58}},"6":{"start":{"line":17,"column":4},"end":{"line":17,"column":31}},"7":{"start":{"line":21,"column":4},"end":{"line":21,"column":41}},"8":{"start":{"line":24,"column":2},"end":{"line":27,"column":3}},"9":{"start":{"line":31,"column":2},"end":{"line":37,"column":4}},"10":{"start":{"line":32,"column":4},"end":{"line":35,"column":6}},"11":{"start":{"line":36,"column":4},"end":{"line":36,"column":33}}},"fnMap":{"0":{"name":"setupMongoose","decl":{"start":{"line":5,"column":15},"end":{"line":5,"column":28}},"loc":{"start":{"line":5,"column":31},"end":{"line":28,"column":1}},"line":5},"1":{"name":"cleanup","decl":{"start":{"line":16,"column":11},"end":{"line":16,"column":18}},"loc":{"start":{"line":16,"column":21},"end":{"line":18,"column":3}},"line":16},"2":{"name":"reset","decl":{"start":{"line":20,"column":11},"end":{"line":20,"column":16}},"loc":{"start":{"line":20,"column":19},"end":{"line":22,"column":3}},"line":20},"3":{"name":"connect","decl":{"start":{"line":30,"column":9},"end":{"line":30,"column":16}},"loc":{"start":{"line":30,"column":22},"end":{"line":38,"column":1}},"line":30},"4":{"name":"(anonymous_4)","decl":{"start":{"line":31,"column":37},"end":{"line":31,"column":38}},"loc":{"start":{"line":31,"column":54},"end":{"line":37,"column":3}},"line":31}},"branchMap":{"0":{"loc":{"start":{"line":6,"column":2},"end":{"line":8,"column":3}},"type":"if","locations":[{"start":{"line":6,"column":2},"end":{"line":8,"column":3}},{"start":{"line":6,"column":2},"end":{"line":8,"column":3}}],"line":6},"1":{"loc":{"start":{"line":10,"column":2},"end":{"line":14,"column":3}},"type":"if","locations":[{"start":{"line":10,"column":2},"end":{"line":14,"column":3}},{"start":{"line":10,"column":2},"end":{"line":14,"column":3}}],"line":10}},"s":{"0":1,"1":1,"2":0,"3":1,"4":0,"5":1,"6":1,"7":3,"8":1,"9":1,"10":0,"11":0},"f":{"0":1,"1":1,"2":3,"3":1,"4":0},"b":{"0":[0,1],"1":[0,1]},"_coverageSchema":"332fd63041d2c1bcb487cc26dd0d5f7d97098a6c","hash":"cf05162b07bf263fbcbc411dc333b7fd2494b19c"}
,"/Users/baronwilleford/Documents/node_stuff/power-hourer-server/src/playlists/playlistModel.js": {"path":"/Users/baronwilleford/Documents/node_stuff/power-hourer-server/src/playlists/playlistModel.js","statementMap":{"0":{"start":{"line":1,"column":13},"end":{"line":1,"column":75}},"1":{"start":{"line":1,"column":91},"end":{"line":1,"column":110}},"2":{"start":{"line":1,"column":128},"end":{"line":1,"column":161}},"3":{"start":{"line":2,"column":24},"end":{"line":2,"column":52}},"4":{"start":{"line":2,"column":78},"end":{"line":2,"column":119}},"5":{"start":{"line":2,"column":158},"end":{"line":2,"column":212}},"6":{"start":{"line":4,"column":21},"end":{"line":48,"column":19}},"7":{"start":{"line":52,"column":0},"end":{"line":63,"column":6}},"8":{"start":{"line":54,"column":16},"end":{"line":54,"column":34}},"9":{"start":{"line":55,"column":4},"end":{"line":60,"column":5}},"10":{"start":{"line":56,"column":14},"end":{"line":56,"column":37}},"11":{"start":{"line":57,"column":6},"end":{"line":59,"column":7}},"12":{"start":{"line":58,"column":8},"end":{"line":58,"column":30}},"13":{"start":{"line":61,"column":4},"end":{"line":61,"column":65}},"14":{"start":{"line":62,"column":4},"end":{"line":62,"column":16}},"15":{"start":{"line":66,"column":0},"end":{"line":66,"column":50}},"16":{"start":{"line":66,"column":50},"end":{"line":68,"column":53}}},"fnMap":{"0":{"name":"_interopRequireDefault","decl":{"start":{"line":2,"column":129},"end":{"line":2,"column":151}},"loc":{"start":{"line":2,"column":157},"end":{"line":2,"column":213}},"line":2},"1":{"name":"movePlaylistItem","decl":{"start":{"line":53,"column":29},"end":{"line":53,"column":45}},"loc":{"start":{"line":53,"column":71},"end":{"line":63,"column":3}},"line":53}},"branchMap":{"0":{"loc":{"start":{"line":2,"column":165},"end":{"line":2,"column":211}},"type":"cond-expr","locations":[{"start":{"line":2,"column":189},"end":{"line":2,"column":192}},{"start":{"line":2,"column":195},"end":{"line":2,"column":211}}],"line":2},"1":{"loc":{"start":{"line":2,"column":165},"end":{"line":2,"column":186}},"type":"binary-expr","locations":[{"start":{"line":2,"column":165},"end":{"line":2,"column":168}},{"start":{"line":2,"column":172},"end":{"line":2,"column":186}}],"line":2},"2":{"loc":{"start":{"line":55,"column":4},"end":{"line":60,"column":5}},"type":"if","locations":[{"start":{"line":55,"column":4},"end":{"line":60,"column":5}},{"start":{"line":55,"column":4},"end":{"line":60,"column":5}}],"line":55}},"s":{"0":0,"1":0,"2":0,"3":0,"4":0,"5":0,"6":0,"7":0,"8":0,"9":0,"10":0,"11":0,"12":0,"13":0,"14":0,"15":0,"16":0},"f":{"0":0,"1":0},"b":{"0":[0,0],"1":[0,0],"2":[0,0]}}
,"/Users/baronwilleford/Documents/node_stuff/power-hourer-server/src/playlists/playlistsController.js": {"path":"/Users/baronwilleford/Documents/node_stuff/power-hourer-server/src/playlists/playlistsController.js","statementMap":{"0":{"start":{"line":1,"column":13},"end":{"line":1,"column":75}},"1":{"start":{"line":1,"column":75},"end":{"line":3,"column":32}},"2":{"start":{"line":3,"column":32},"end":{"line":16,"column":34}},"3":{"start":{"line":16,"column":34},"end":{"line":30,"column":30}},"4":{"start":{"line":30,"column":30},"end":{"line":36,"column":32}},"5":{"start":{"line":36,"column":32},"end":{"line":48,"column":56}},"6":{"start":{"line":48,"column":56},"end":{"line":62,"column":40}},"7":{"start":{"line":62,"column":40},"end":{"line":78,"column":32}},"8":{"start":{"line":78,"column":32},"end":{"line":88,"column":32}},"9":{"start":{"line":88,"column":32},"end":{"line":104,"column":18}},"10":{"start":{"line":104,"column":18},"end":{"line":119,"column":38}},"11":{"start":{"line":119,"column":59},"end":{"line":119,"column":85}},"12":{"start":{"line":119,"column":108},"end":{"line":119,"column":146}},"13":{"start":{"line":119,"column":185},"end":{"line":119,"column":239}},"14":{"start":{"line":119,"column":292},"end":{"line":119,"column":306}},"15":{"start":{"line":119,"column":307},"end":{"line":119,"column":924}},"16":{"start":{"line":119,"column":444},"end":{"line":119,"column":453}},"17":{"start":{"line":119,"column":461},"end":{"line":119,"column":470}},"18":{"start":{"line":119,"column":479},"end":{"line":119,"column":489}},"19":{"start":{"line":119,"column":498},"end":{"line":119,"column":508}},"20":{"start":{"line":119,"column":525},"end":{"line":119,"column":816}},"21":{"start":{"line":119,"column":562},"end":{"line":119,"column":571}},"22":{"start":{"line":119,"column":580},"end":{"line":119,"column":591}},"23":{"start":{"line":119,"column":605},"end":{"line":119,"column":621}},"24":{"start":{"line":119,"column":634},"end":{"line":119,"column":649}},"25":{"start":{"line":119,"column":658},"end":{"line":119,"column":669}},"26":{"start":{"line":119,"column":682},"end":{"line":119,"column":697}},"27":{"start":{"line":119,"column":698},"end":{"line":119,"column":814}},"28":{"start":{"line":119,"column":817},"end":{"line":119,"column":892}},"29":{"start":{"line":119,"column":911},"end":{"line":119,"column":921}},"30":{"start":{"line":119,"column":967},"end":{"line":119,"column":997}},"31":{"start":{"line":119,"column":1015},"end":{"line":119,"column":1052}},"32":{"start":{"line":119,"column":1053},"end":{"line":119,"column":1153}},"33":{"start":{"line":119,"column":1096},"end":{"line":119,"column":1117}},"34":{"start":{"line":119,"column":1106},"end":{"line":119,"column":1116}},"35":{"start":{"line":119,"column":1117},"end":{"line":119,"column":1150}},"36":{"start":{"line":119,"column":1208},"end":{"line":119,"column":1234}},"37":{"start":{"line":119,"column":1235},"end":{"line":119,"column":1265}},"38":{"start":{"line":119,"column":1322},"end":{"line":119,"column":1334}},"39":{"start":{"line":119,"column":1335},"end":{"line":119,"column":1426}},"40":{"start":{"line":119,"column":1376},"end":{"line":119,"column":1423}},"41":{"start":{"line":119,"column":1386},"end":{"line":119,"column":1396}},"42":{"start":{"line":119,"column":1404},"end":{"line":119,"column":1422}},"43":{"start":{"line":119,"column":1495},"end":{"line":119,"column":1507}},"44":{"start":{"line":119,"column":1508},"end":{"line":119,"column":1532}},"45":{"start":{"line":119,"column":1532},"end":{"line":119,"column":1617}},"46":{"start":{"line":119,"column":1562},"end":{"line":119,"column":1614}},"47":{"start":{"line":119,"column":1572},"end":{"line":119,"column":1582}},"48":{"start":{"line":119,"column":1590},"end":{"line":119,"column":1613}},"49":{"start":{"line":119,"column":1678},"end":{"line":119,"column":1690}},"50":{"start":{"line":119,"column":1702},"end":{"line":119,"column":1718}},"51":{"start":{"line":119,"column":1732},"end":{"line":119,"column":1740}},"52":{"start":{"line":119,"column":1741},"end":{"line":119,"column":1788}},"53":{"start":{"line":119,"column":1788},"end":{"line":119,"column":1877}},"54":{"start":{"line":119,"column":1818},"end":{"line":119,"column":1874}},"55":{"start":{"line":119,"column":1828},"end":{"line":119,"column":1838}},"56":{"start":{"line":119,"column":1846},"end":{"line":119,"column":1873}},"57":{"start":{"line":119,"column":1928},"end":{"line":119,"column":1940}},"58":{"start":{"line":119,"column":1957},"end":{"line":119,"column":1965}},"59":{"start":{"line":119,"column":1977},"end":{"line":119,"column":1995}},"60":{"start":{"line":119,"column":2007},"end":{"line":119,"column":2025}},"61":{"start":{"line":119,"column":2026},"end":{"line":119,"column":2072}},"62":{"start":{"line":119,"column":2072},"end":{"line":119,"column":2101}},"63":{"start":{"line":119,"column":2158},"end":{"line":119,"column":2170}},"64":{"start":{"line":119,"column":2184},"end":{"line":119,"column":2192}},"65":{"start":{"line":119,"column":2193},"end":{"line":119,"column":2240}},"66":{"start":{"line":119,"column":2240},"end":{"line":119,"column":2731}},"67":{"start":{"line":119,"column":2284},"end":{"line":119,"column":2728}},"68":{"start":{"line":119,"column":2294},"end":{"line":119,"column":2304}},"69":{"start":{"line":119,"column":2322},"end":{"line":119,"column":2334}},"70":{"start":{"line":119,"column":2345},"end":{"line":119,"column":2361}},"71":{"start":{"line":119,"column":2374},"end":{"line":119,"column":2392}},"72":{"start":{"line":119,"column":2406},"end":{"line":119,"column":2425}},"73":{"start":{"line":119,"column":2434},"end":{"line":119,"column":2448}},"74":{"start":{"line":119,"column":2457},"end":{"line":119,"column":2471}},"75":{"start":{"line":119,"column":2487},"end":{"line":119,"column":2508}},"76":{"start":{"line":119,"column":2525},"end":{"line":119,"column":2547}},"77":{"start":{"line":119,"column":2548},"end":{"line":119,"column":2727}},"78":{"start":{"line":119,"column":2770},"end":{"line":119,"column":2949}},"79":{"start":{"line":119,"column":2833},"end":{"line":119,"column":2917}},"80":{"start":{"line":119,"column":2848},"end":{"line":119,"column":2872}},"81":{"start":{"line":119,"column":2872},"end":{"line":119,"column":2879}},"82":{"start":{"line":119,"column":2887},"end":{"line":119,"column":2916}},"83":{"start":{"line":119,"column":2936},"end":{"line":119,"column":2946}},"84":{"start":{"line":120,"column":17},"end":{"line":120,"column":29}},"85":{"start":{"line":121,"column":21},"end":{"line":121,"column":103}},"86":{"start":{"line":121,"column":66},"end":{"line":121,"column":101}},"87":{"start":{"line":123,"column":2},"end":{"line":123,"column":34}},"88":{"start":{"line":124,"column":2},"end":{"line":124,"column":9}}},"fnMap":{"0":{"name":"_interopRequireDefault","decl":{"start":{"line":119,"column":156},"end":{"line":119,"column":178}},"loc":{"start":{"line":119,"column":184},"end":{"line":119,"column":240}},"line":119},"1":{"name":"playlistsIndex","decl":{"start":{"line":119,"column":249},"end":{"line":119,"column":263}},"loc":{"start":{"line":119,"column":280},"end":{"line":119,"column":925}},"line":119},"2":{"name":"(anonymous_2)","decl":{"start":{"line":119,"column":416},"end":{"line":119,"column":417}},"loc":{"start":{"line":119,"column":432},"end":{"line":119,"column":893}},"line":119},"3":{"name":"(anonymous_3)","decl":{"start":{"line":119,"column":534},"end":{"line":119,"column":535}},"loc":{"start":{"line":119,"column":551},"end":{"line":119,"column":815}},"line":119},"4":{"name":"(anonymous_4)","decl":{"start":{"line":119,"column":895},"end":{"line":119,"column":896}},"loc":{"start":{"line":119,"column":910},"end":{"line":119,"column":922}},"line":119},"5":{"name":"playlistsCreate","decl":{"start":{"line":119,"column":934},"end":{"line":119,"column":949}},"loc":{"start":{"line":119,"column":966},"end":{"line":119,"column":1154}},"line":119},"6":{"name":"(anonymous_6)","decl":{"start":{"line":119,"column":1070},"end":{"line":119,"column":1071}},"loc":{"start":{"line":119,"column":1095},"end":{"line":119,"column":1151}},"line":119},"7":{"name":"playlistItems","decl":{"start":{"line":119,"column":1163},"end":{"line":119,"column":1176}},"loc":{"start":{"line":119,"column":1187},"end":{"line":119,"column":1266}},"line":119},"8":{"name":"playlistDelete","decl":{"start":{"line":119,"column":1275},"end":{"line":119,"column":1289}},"loc":{"start":{"line":119,"column":1306},"end":{"line":119,"column":1427}},"line":119},"9":{"name":"(anonymous_9)","decl":{"start":{"line":119,"column":1351},"end":{"line":119,"column":1352}},"loc":{"start":{"line":119,"column":1375},"end":{"line":119,"column":1424}},"line":119},"10":{"name":"playlistIncrementPlayCount","decl":{"start":{"line":119,"column":1436},"end":{"line":119,"column":1462}},"loc":{"start":{"line":119,"column":1479},"end":{"line":119,"column":1618}},"line":119},"11":{"name":"(anonymous_11)","decl":{"start":{"line":119,"column":1546},"end":{"line":119,"column":1547}},"loc":{"start":{"line":119,"column":1561},"end":{"line":119,"column":1615}},"line":119},"12":{"name":"playlistItemUpdate","decl":{"start":{"line":119,"column":1627},"end":{"line":119,"column":1645}},"loc":{"start":{"line":119,"column":1662},"end":{"line":119,"column":1878}},"line":119},"13":{"name":"(anonymous_13)","decl":{"start":{"line":119,"column":1802},"end":{"line":119,"column":1803}},"loc":{"start":{"line":119,"column":1817},"end":{"line":119,"column":1875}},"line":119},"14":{"name":"moveItemUpdate","decl":{"start":{"line":119,"column":1887},"end":{"line":119,"column":1901}},"loc":{"start":{"line":119,"column":1912},"end":{"line":119,"column":2102}},"line":119},"15":{"name":"playlistUpdate","decl":{"start":{"line":119,"column":2111},"end":{"line":119,"column":2125}},"loc":{"start":{"line":119,"column":2142},"end":{"line":119,"column":2732}},"line":119},"16":{"name":"(anonymous_16)","decl":{"start":{"line":119,"column":2258},"end":{"line":119,"column":2259}},"loc":{"start":{"line":119,"column":2283},"end":{"line":119,"column":2729}},"line":119},"17":{"name":"idParam","decl":{"start":{"line":119,"column":2741},"end":{"line":119,"column":2748}},"loc":{"start":{"line":119,"column":2769},"end":{"line":119,"column":2950}},"line":119},"18":{"name":"(anonymous_18)","decl":{"start":{"line":119,"column":2812},"end":{"line":119,"column":2813}},"loc":{"start":{"line":119,"column":2832},"end":{"line":119,"column":2918}},"line":119},"19":{"name":"(anonymous_19)","decl":{"start":{"line":119,"column":2920},"end":{"line":119,"column":2921}},"loc":{"start":{"line":119,"column":2935},"end":{"line":119,"column":2947}},"line":119},"20":{"name":"playlistItemParam","decl":{"start":{"line":119,"column":2959},"end":{"line":119,"column":2976}},"loc":{"start":{"line":119,"column":3001},"end":{"line":125,"column":1}},"line":119},"21":{"name":"(anonymous_21)","decl":{"start":{"line":121,"column":49},"end":{"line":121,"column":50}},"loc":{"start":{"line":121,"column":65},"end":{"line":121,"column":102}},"line":121}},"branchMap":{"0":{"loc":{"start":{"line":119,"column":192},"end":{"line":119,"column":238}},"type":"cond-expr","locations":[{"start":{"line":119,"column":216},"end":{"line":119,"column":219}},{"start":{"line":119,"column":222},"end":{"line":119,"column":238}}],"line":119},"1":{"loc":{"start":{"line":119,"column":192},"end":{"line":119,"column":213}},"type":"binary-expr","locations":[{"start":{"line":119,"column":192},"end":{"line":119,"column":195}},{"start":{"line":119,"column":199},"end":{"line":119,"column":213}}],"line":119},"2":{"loc":{"start":{"line":119,"column":398},"end":{"line":119,"column":407}},"type":"binary-expr","locations":[{"start":{"line":119,"column":398},"end":{"line":119,"column":402}},{"start":{"line":119,"column":406},"end":{"line":119,"column":407}}],"line":119},"3":{"loc":{"start":{"line":119,"column":1096},"end":{"line":119,"column":1117}},"type":"if","locations":[{"start":{"line":119,"column":1096},"end":{"line":119,"column":1117}},{"start":{"line":119,"column":1096},"end":{"line":119,"column":1117}}],"line":119},"4":{"loc":{"start":{"line":119,"column":1244},"end":{"line":119,"column":1263}},"type":"binary-expr","locations":[{"start":{"line":119,"column":1244},"end":{"line":119,"column":1257}},{"start":{"line":119,"column":1261},"end":{"line":119,"column":1263}}],"line":119},"5":{"loc":{"start":{"line":119,"column":1376},"end":{"line":119,"column":1423}},"type":"if","locations":[{"start":{"line":119,"column":1376},"end":{"line":119,"column":1423}},{"start":{"line":119,"column":1376},"end":{"line":119,"column":1423}}],"line":119},"6":{"loc":{"start":{"line":119,"column":1562},"end":{"line":119,"column":1614}},"type":"if","locations":[{"start":{"line":119,"column":1562},"end":{"line":119,"column":1614}},{"start":{"line":119,"column":1562},"end":{"line":119,"column":1614}}],"line":119},"7":{"loc":{"start":{"line":119,"column":1818},"end":{"line":119,"column":1874}},"type":"if","locations":[{"start":{"line":119,"column":1818},"end":{"line":119,"column":1874}},{"start":{"line":119,"column":1818},"end":{"line":119,"column":1874}}],"line":119},"8":{"loc":{"start":{"line":119,"column":2081},"end":{"line":119,"column":2099}},"type":"binary-expr","locations":[{"start":{"line":119,"column":2081},"end":{"line":119,"column":2093}},{"start":{"line":119,"column":2097},"end":{"line":119,"column":2099}}],"line":119},"9":{"loc":{"start":{"line":119,"column":2284},"end":{"line":119,"column":2728}},"type":"if","locations":[{"start":{"line":119,"column":2284},"end":{"line":119,"column":2728}},{"start":{"line":119,"column":2284},"end":{"line":119,"column":2728}}],"line":119},"10":{"loc":{"start":{"line":119,"column":2557},"end":{"line":119,"column":2725}},"type":"binary-expr","locations":[{"start":{"line":119,"column":2557},"end":{"line":119,"column":2719}},{"start":{"line":119,"column":2723},"end":{"line":119,"column":2725}}],"line":119},"11":{"loc":{"start":{"line":119,"column":2833},"end":{"line":119,"column":2917}},"type":"if","locations":[{"start":{"line":119,"column":2833},"end":{"line":119,"column":2917}},{"start":{"line":119,"column":2833},"end":{"line":119,"column":2917}}],"line":119}},"s":{"0":0,"1":0,"2":0,"3":0,"4":0,"5":0,"6":0,"7":0,"8":0,"9":0,"10":0,"11":0,"12":0,"13":0,"14":0,"15":0,"16":0,"17":0,"18":0,"19":0,"20":0,"21":0,"22":0,"23":0,"24":0,"25":0,"26":0,"27":0,"28":0,"29":0,"30":0,"31":0,"32":0,"33":0,"34":0,"35":0,"36":0,"37":0,"38":0,"39":0,"40":0,"41":0,"42":0,"43":0,"44":0,"45":0,"46":0,"47":0,"48":0,"49":0,"50":0,"51":0,"52":0,"53":0,"54":0,"55":0,"56":0,"57":0,"58":0,"59":0,"60":0,"61":0,"62":0,"63":0,"64":0,"65":0,"66":0,"67":0,"68":0,"69":0,"70":0,"71":0,"72":0,"73":0,"74":0,"75":0,"76":0,"77":0,"78":0,"79":0,"80":0,"81":0,"82":0,"83":0,"84":0,"85":0,"86":0,"87":0,"88":0},"f":{"0":0,"1":0,"2":0,"3":0,"4":0,"5":0,"6":0,"7":0,"8":0,"9":0,"10":0,"11":0,"12":0,"13":0,"14":0,"15":0,"16":0,"17":0,"18":0,"19":0,"20":0,"21":0},"b":{"0":[0,0],"1":[0,0],"2":[0,0],"3":[0,0],"4":[0,0],"5":[0,0],"6":[0,0],"7":[0,0],"8":[0,0],"9":[0,0],"10":[0,0],"11":[0,0]}}
,"/Users/baronwilleford/Documents/node_stuff/power-hourer-server/src/playlists/playlistsRouter.js": {"path":"/Users/baronwilleford/Documents/node_stuff/power-hourer-server/src/playlists/playlistsRouter.js","statementMap":{"0":{"start":{"line":1,"column":13},"end":{"line":1,"column":75}},"1":{"start":{"line":1,"column":90},"end":{"line":1,"column":108}},"2":{"start":{"line":2,"column":27},"end":{"line":2,"column":59}},"3":{"start":{"line":14,"column":12},"end":{"line":14,"column":35}},"4":{"start":{"line":16,"column":22},"end":{"line":16,"column":43}},"5":{"start":{"line":18,"column":0},"end":{"line":18,"column":58}},"6":{"start":{"line":19,"column":0},"end":{"line":19,"column":72}},"7":{"start":{"line":21,"column":16},"end":{"line":21,"column":70}},"8":{"start":{"line":23,"column":0},"end":{"line":25,"column":69}},"9":{"start":{"line":27,"column":0},"end":{"line":28,"column":40}},"10":{"start":{"line":30,"column":0},"end":{"line":31,"column":53}},"11":{"start":{"line":33,"column":0},"end":{"line":35,"column":55}},"12":{"start":{"line":37,"column":0},"end":{"line":38,"column":52}},"13":{"start":{"line":40,"column":0},"end":{"line":41,"column":56}},"14":{"start":{"line":41,"column":56},"end":{"line":43,"column":16}}},"fnMap":{},"branchMap":{},"s":{"0":0,"1":0,"2":0,"3":0,"4":0,"5":0,"6":0,"7":0,"8":0,"9":0,"10":0,"11":0,"12":0,"13":0,"14":0},"f":{},"b":{}}
,"/Users/baronwilleford/Documents/node_stuff/power-hourer-server/src/users/userModel.js": {"path":"/Users/baronwilleford/Documents/node_stuff/power-hourer-server/src/users/userModel.js","statementMap":{"0":{"start":{"line":4,"column":19},"end":{"line":11,"column":2}}},"fnMap":{},"branchMap":{},"s":{"0":1},"f":{},"b":{},"_coverageSchema":"332fd63041d2c1bcb487cc26dd0d5f7d97098a6c","hash":"17cc14b9dd7d5852590c402e9c43b89e96f286b6"}
,"/Users/baronwilleford/Documents/node_stuff/power-hourer-server/src/users/usersController.js": {"path":"/Users/baronwilleford/Documents/node_stuff/power-hourer-server/src/users/usersController.js","statementMap":{"0":{"start":{"line":1,"column":13},"end":{"line":1,"column":75}},"1":{"start":{"line":1,"column":75},"end":{"line":6,"column":30}},"2":{"start":{"line":6,"column":30},"end":{"line":17,"column":36}},"3":{"start":{"line":17,"column":53},"end":{"line":17,"column":75}},"4":{"start":{"line":17,"column":94},"end":{"line":17,"column":128}},"5":{"start":{"line":17,"column":150},"end":{"line":17,"column":187}},"6":{"start":{"line":17,"column":210},"end":{"line":17,"column":248}},"7":{"start":{"line":17,"column":274},"end":{"line":17,"column":304}},"8":{"start":{"line":17,"column":331},"end":{"line":17,"column":373}},"9":{"start":{"line":17,"column":386},"end":{"line":17,"column":409}},"10":{"start":{"line":17,"column":448},"end":{"line":17,"column":502}},"11":{"start":{"line":17,"column":547},"end":{"line":17,"column":559}},"12":{"start":{"line":17,"column":560},"end":{"line":17,"column":982}},"13":{"start":{"line":17,"column":652},"end":{"line":17,"column":937}},"14":{"start":{"line":17,"column":697},"end":{"line":17,"column":705}},"15":{"start":{"line":17,"column":714},"end":{"line":17,"column":724}},"16":{"start":{"line":17,"column":738},"end":{"line":17,"column":753}},"17":{"start":{"line":17,"column":762},"end":{"line":17,"column":772}},"18":{"start":{"line":17,"column":785},"end":{"line":17,"column":799}},"19":{"start":{"line":17,"column":810},"end":{"line":17,"column":822}},"20":{"start":{"line":17,"column":823},"end":{"line":17,"column":935}},"21":{"start":{"line":17,"column":938},"end":{"line":17,"column":979}},"22":{"start":{"line":18,"column":13},"end":{"line":18,"column":46}},"23":{"start":{"line":19,"column":15},"end":{"line":19,"column":53}},"24":{"start":{"line":21,"column":12},"end":{"line":21,"column":37}},"25":{"start":{"line":23,"column":2},"end":{"line":57,"column":5}},"26":{"start":{"line":27,"column":4},"end":{"line":56,"column":5}},"27":{"start":{"line":28,"column":6},"end":{"line":28,"column":16}},"28":{"start":{"line":30,"column":20},"end":{"line":30,"column":38}},"29":{"start":{"line":31,"column":21},"end":{"line":31,"column":35}},"30":{"start":{"line":33,"column":6},"end":{"line":55,"column":9}},"31":{"start":{"line":35,"column":8},"end":{"line":54,"column":9}},"32":{"start":{"line":36,"column":10},"end":{"line":42,"column":13}},"33":{"start":{"line":38,"column":28},"end":{"line":38,"column":320}},"34":{"start":{"line":38,"column":74},"end":{"line":38,"column":83}},"35":{"start":{"line":38,"column":92},"end":{"line":38,"column":103}},"36":{"start":{"line":38,"column":117},"end":{"line":38,"column":133}},"37":{"start":{"line":38,"column":142},"end":{"line":38,"column":153}},"38":{"start":{"line":38,"column":166},"end":{"line":38,"column":181}},"39":{"start":{"line":38,"column":192},"end":{"line":38,"column":205}},"40":{"start":{"line":38,"column":206},"end":{"line":38,"column":318}},"41":{"start":{"line":40,"column":24},"end":{"line":40,"column":54}},"42":{"start":{"line":41,"column":12},"end":{"line":41,"column":67}},"43":{"start":{"line":44,"column":24},"end":{"line":44,"column":71}},"44":{"start":{"line":46,"column":10},"end":{"line":53,"column":13}},"45":{"start":{"line":47,"column":12},"end":{"line":52,"column":13}},"46":{"start":{"line":48,"column":14},"end":{"line":48,"column":24}},"47":{"start":{"line":50,"column":26},"end":{"line":50,"column":55}},"48":{"start":{"line":51,"column":14},"end":{"line":51,"column":56}}},"fnMap":{"0":{"name":"_interopRequireDefault","decl":{"start":{"line":17,"column":419},"end":{"line":17,"column":441}},"loc":{"start":{"line":17,"column":447},"end":{"line":17,"column":503}},"line":17},"1":{"name":"userPlaylists","decl":{"start":{"line":17,"column":512},"end":{"line":17,"column":525}},"loc":{"start":{"line":17,"column":536},"end":{"line":17,"column":983}},"line":17},"2":{"name":"(anonymous_2)","decl":{"start":{"line":17,"column":610},"end":{"line":17,"column":611}},"loc":{"start":{"line":17,"column":635},"end":{"line":17,"column":980}},"line":17},"3":{"name":"(anonymous_3)","decl":{"start":{"line":17,"column":670},"end":{"line":17,"column":671}},"loc":{"start":{"line":17,"column":686},"end":{"line":17,"column":936}},"line":17},"4":{"name":"findOrCreateUser","decl":{"start":{"line":17,"column":992},"end":{"line":17,"column":1008}},"loc":{"start":{"line":17,"column":1025},"end":{"line":59,"column":1}},"line":17},"5":{"name":"(anonymous_5)","decl":{"start":{"line":26,"column":2},"end":{"line":26,"column":3}},"loc":{"start":{"line":26,"column":24},"end":{"line":57,"column":3}},"line":26},"6":{"name":"(anonymous_6)","decl":{"start":{"line":34,"column":11},"end":{"line":34,"column":12}},"loc":{"start":{"line":34,"column":27},"end":{"line":55,"column":7}},"line":34},"7":{"name":"(anonymous_7)","decl":{"start":{"line":37,"column":15},"end":{"line":37,"column":16}},"loc":{"start":{"line":37,"column":40},"end":{"line":42,"column":11}},"line":37},"8":{"name":"(anonymous_8)","decl":{"start":{"line":38,"column":46},"end":{"line":38,"column":47}},"loc":{"start":{"line":38,"column":63},"end":{"line":38,"column":319}},"line":38},"9":{"name":"(anonymous_9)","decl":{"start":{"line":46,"column":23},"end":{"line":46,"column":24}},"loc":{"start":{"line":46,"column":43},"end":{"line":53,"column":11}},"line":46}},"branchMap":{"0":{"loc":{"start":{"line":17,"column":455},"end":{"line":17,"column":501}},"type":"cond-expr","locations":[{"start":{"line":17,"column":479},"end":{"line":17,"column":482}},{"start":{"line":17,"column":485},"end":{"line":17,"column":501}}],"line":17},"1":{"loc":{"start":{"line":17,"column":455},"end":{"line":17,"column":476}},"type":"binary-expr","locations":[{"start":{"line":17,"column":455},"end":{"line":17,"column":458}},{"start":{"line":17,"column":462},"end":{"line":17,"column":476}}],"line":17},"2":{"loc":{"start":{"line":17,"column":947},"end":{"line":17,"column":977}},"type":"binary-expr","locations":[{"start":{"line":17,"column":947},"end":{"line":17,"column":971}},{"start":{"line":17,"column":975},"end":{"line":17,"column":977}}],"line":17},"3":{"loc":{"start":{"line":27,"column":4},"end":{"line":56,"column":5}},"type":"if","locations":[{"start":{"line":27,"column":4},"end":{"line":56,"column":5}},{"start":{"line":27,"column":4},"end":{"line":56,"column":5}}],"line":27},"4":{"loc":{"start":{"line":35,"column":8},"end":{"line":54,"column":9}},"type":"if","locations":[{"start":{"line":35,"column":8},"end":{"line":54,"column":9}},{"start":{"line":35,"column":8},"end":{"line":54,"column":9}}],"line":35},"5":{"loc":{"start":{"line":41,"column":21},"end":{"line":41,"column":65}},"type":"binary-expr","locations":[{"start":{"line":41,"column":21},"end":{"line":41,"column":59}},{"start":{"line":41,"column":63},"end":{"line":41,"column":65}}],"line":41},"6":{"loc":{"start":{"line":47,"column":12},"end":{"line":52,"column":13}},"type":"if","locations":[{"start":{"line":47,"column":12},"end":{"line":52,"column":13}},{"start":{"line":47,"column":12},"end":{"line":52,"column":13}}],"line":47}},"s":{"0":0,"1":0,"2":0,"3":0,"4":0,"5":0,"6":0,"7":0,"8":0,"9":0,"10":0,"11":0,"12":0,"13":0,"14":0,"15":0,"16":0,"17":0,"18":0,"19":0,"20":0,"21":0,"22":0,"23":0,"24":0,"25":0,"26":0,"27":0,"28":0,"29":0,"30":0,"31":0,"32":0,"33":0,"34":0,"35":0,"36":0,"37":0,"38":0,"39":0,"40":0,"41":0,"42":0,"43":0,"44":0,"45":0,"46":0,"47":0,"48":0},"f":{"0":0,"1":0,"2":0,"3":0,"4":0,"5":0,"6":0,"7":0,"8":0,"9":0},"b":{"0":[0,0],"1":[0,0],"2":[0,0],"3":[0,0],"4":[0,0],"5":[0,0],"6":[0,0]}}
,"/Users/baronwilleford/Documents/node_stuff/power-hourer-server/src/users/usersRouter.js": {"path":"/Users/baronwilleford/Documents/node_stuff/power-hourer-server/src/users/usersRouter.js","statementMap":{"0":{"start":{"line":1,"column":13},"end":{"line":1,"column":75}},"1":{"start":{"line":1,"column":90},"end":{"line":1,"column":108}},"2":{"start":{"line":2,"column":23},"end":{"line":2,"column":51}},"3":{"start":{"line":7,"column":12},"end":{"line":7,"column":35}},"4":{"start":{"line":9,"column":18},"end":{"line":9,"column":39}},"5":{"start":{"line":13,"column":0},"end":{"line":14,"column":40}},"6":{"start":{"line":16,"column":0},"end":{"line":17,"column":62}},"7":{"start":{"line":17,"column":62},"end":{"line":19,"column":12}}},"fnMap":{},"branchMap":{},"s":{"0":0,"1":0,"2":0,"3":0,"4":0,"5":0,"6":0,"7":0},"f":{},"b":{}}
,"/Users/baronwilleford/Documents/node_stuff/power-hourer-server/src/utils/test_setup.js": {"path":"/Users/baronwilleford/Documents/node_stuff/power-hourer-server/src/utils/test_setup.js","statementMap":{"0":{"start":{"line":3,"column":0},"end":{"line":3,"column":30}},"1":{"start":{"line":4,"column":0},"end":{"line":4,"column":27}}},"fnMap":{},"branchMap":{},"s":{"0":1,"1":1},"f":{},"b":{},"_coverageSchema":"332fd63041d2c1bcb487cc26dd0d5f7d97098a6c","hash":"d5706fbe8d6225951f1953afb20c6a4348a23130"}
}
