TN:
SF:/Users/baronwilleford/Documents/node_stuff/power-hourer-server/src/index.js
FN:1,_interopRequireDefault
FNF:1
FNH:0
FNDA:0,_interopRequireDefault
DA:1,0
DA:3,0
LF:2
LH:0
BRDA:1,0,0,0
BRDA:1,0,1,0
BRDA:1,1,0,0
BRDA:1,1,1,0
BRF:4
BRH:0
end_of_record
TN:
SF:/Users/baronwilleford/Documents/node_stuff/power-hourer-server/src/server.js
FN:10,_interopRequireDefault
FN:10,_asyncToGenerator
FN:10,(anonymous_2)
FN:10,(anonymous_3)
FN:10,step
FN:10,(anonymous_5)
FN:10,(anonymous_6)
FN:10,(anonymous_7)
FN:12,_callee
FN:12,_callee$
FN:24,(anonymous_10)
FN:28,(anonymous_11)
FN:34,(anonymous_12)
FN:35,(anonymous_13)
FN:37,(anonymous_14)
FN:42,start
FNF:16
FNH:0
FNDA:0,_interopRequireDefault
FNDA:0,_asyncToGenerator
FNDA:0,(anonymous_2)
FNDA:0,(anonymous_3)
FNDA:0,step
FNDA:0,(anonymous_5)
FNDA:0,(anonymous_6)
FNDA:0,(anonymous_7)
FNDA:0,_callee
FNDA:0,_callee$
FNDA:0,(anonymous_10)
FNDA:0,(anonymous_11)
FNDA:0,(anonymous_12)
FNDA:0,(anonymous_13)
FNDA:0,(anonymous_14)
FNDA:0,start
DA:1,0
DA:2,0
DA:4,0
DA:5,0
DA:7,0
DA:8,0
DA:9,0
DA:10,0
DA:12,0
DA:13,0
DA:14,0
DA:16,0
DA:17,0
DA:19,0
DA:21,0
DA:22,0
DA:24,0
DA:25,0
DA:28,0
DA:29,0
DA:32,0
DA:35,0
DA:36,0
DA:37,0
DA:38,0
DA:40,0
DA:42,0
LF:27
LH:0
BRDA:10,0,0,0
BRDA:10,0,1,0
BRDA:10,1,0,0
BRDA:10,1,1,0
BRDA:10,2,0,0
BRDA:10,2,1,0
BRDA:12,3,0,0
BRDA:12,3,1,0
BRDA:12,3,2,0
BRDA:12,3,3,0
BRF:10
BRH:0
end_of_record
TN:
SF:/Users/baronwilleford/Documents/node_stuff/power-hourer-server/src/auth/auth.js
FN:25,_interopRequireDefault
FN:25,signToken
FN:25,decodeToken
FN:25,(anonymous_3)
FN:25,authorizeUser
FN:26,(anonymous_5)
FNF:6
FNH:0
FNDA:0,_interopRequireDefault
FNDA:0,signToken
FNDA:0,decodeToken
FNDA:0,(anonymous_3)
FNDA:0,authorizeUser
FNDA:0,(anonymous_5)
DA:1,0
DA:7,0
DA:15,0
DA:25,0
DA:26,0
DA:27,0
DA:28,0
DA:30,0
LF:8
LH:0
BRDA:25,0,0,0
BRDA:25,0,1,0
BRDA:25,1,0,0
BRDA:25,1,1,0
BRDA:25,2,0,0
BRDA:25,2,1,0
BRDA:25,3,0,0
BRDA:25,3,1,0
BRDA:27,4,0,0
BRDA:27,4,1,0
BRF:10
BRH:0
end_of_record
TN:
SF:/Users/baronwilleford/Documents/node_stuff/power-hourer-server/src/config/config.js
FNF:0
FNH:0
DA:1,0
LF:1
LH:0
BRDA:4,0,0,0
BRDA:4,0,1,0
BRF:2
BRH:0
end_of_record
TN:
SF:/Users/baronwilleford/Documents/node_stuff/power-hourer-server/src/config/setup-mongoose.js
FN:5,setupMongoose
FN:16,cleanup
FN:20,reset
FN:30,connect
FN:31,(anonymous_4)
FNF:5
FNH:4
FNDA:1,setupMongoose
FNDA:1,cleanup
FNDA:3,reset
FNDA:1,connect
FNDA:0,(anonymous_4)
DA:3,1
DA:6,1
DA:7,0
DA:10,1
DA:11,0
DA:13,1
DA:17,1
DA:21,3
DA:24,1
DA:31,1
DA:32,0
DA:36,0
LF:12
LH:8
BRDA:6,0,0,0
BRDA:6,0,1,1
BRDA:10,1,0,0
BRDA:10,1,1,1
BRF:4
BRH:2
end_of_record
TN:
SF:/Users/baronwilleford/Documents/node_stuff/power-hourer-server/src/playlists/playlistModel.js
FN:2,_interopRequireDefault
FN:53,movePlaylistItem
FNF:2
FNH:0
FNDA:0,_interopRequireDefault
FNDA:0,movePlaylistItem
DA:1,0
DA:2,0
DA:4,0
DA:52,0
DA:54,0
DA:55,0
DA:56,0
DA:57,0
DA:58,0
DA:61,0
DA:62,0
DA:66,0
LF:12
LH:0
BRDA:2,0,0,0
BRDA:2,0,1,0
BRDA:2,1,0,0
BRDA:2,1,1,0
BRDA:55,2,0,0
BRDA:55,2,1,0
BRF:6
BRH:0
end_of_record
TN:
SF:/Users/baronwilleford/Documents/node_stuff/power-hourer-server/src/playlists/playlistsController.js
FN:119,_interopRequireDefault
FN:119,playlistsIndex
FN:119,(anonymous_2)
FN:119,(anonymous_3)
FN:119,(anonymous_4)
FN:119,playlistsCreate
FN:119,(anonymous_6)
FN:119,playlistItems
FN:119,playlistDelete
FN:119,(anonymous_9)
FN:119,playlistIncrementPlayCount
FN:119,(anonymous_11)
FN:119,playlistItemUpdate
FN:119,(anonymous_13)
FN:119,moveItemUpdate
FN:119,playlistUpdate
FN:119,(anonymous_16)
FN:119,idParam
FN:119,(anonymous_18)
FN:119,(anonymous_19)
FN:119,playlistItemParam
FN:121,(anonymous_21)
FNF:22
FNH:0
FNDA:0,_interopRequireDefault
FNDA:0,playlistsIndex
FNDA:0,(anonymous_2)
FNDA:0,(anonymous_3)
FNDA:0,(anonymous_4)
FNDA:0,playlistsCreate
FNDA:0,(anonymous_6)
FNDA:0,playlistItems
FNDA:0,playlistDelete
FNDA:0,(anonymous_9)
FNDA:0,playlistIncrementPlayCount
FNDA:0,(anonymous_11)
FNDA:0,playlistItemUpdate
FNDA:0,(anonymous_13)
FNDA:0,moveItemUpdate
FNDA:0,playlistUpdate
FNDA:0,(anonymous_16)
FNDA:0,idParam
FNDA:0,(anonymous_18)
FNDA:0,(anonymous_19)
FNDA:0,playlistItemParam
FNDA:0,(anonymous_21)
DA:1,0
DA:3,0
DA:16,0
DA:30,0
DA:36,0
DA:48,0
DA:62,0
DA:78,0
DA:88,0
DA:104,0
DA:119,0
DA:120,0
DA:121,0
DA:123,0
DA:124,0
LF:15
LH:0
BRDA:119,0,0,0
BRDA:119,0,1,0
BRDA:119,1,0,0
BRDA:119,1,1,0
BRDA:119,2,0,0
BRDA:119,2,1,0
BRDA:119,3,0,0
BRDA:119,3,1,0
BRDA:119,4,0,0
BRDA:119,4,1,0
BRDA:119,5,0,0
BRDA:119,5,1,0
BRDA:119,6,0,0
BRDA:119,6,1,0
BRDA:119,7,0,0
BRDA:119,7,1,0
BRDA:119,8,0,0
BRDA:119,8,1,0
BRDA:119,9,0,0
BRDA:119,9,1,0
BRDA:119,10,0,0
BRDA:119,10,1,0
BRDA:119,11,0,0
BRDA:119,11,1,0
BRF:24
BRH:0
end_of_record
TN:
SF:/Users/baronwilleford/Documents/node_stuff/power-hourer-server/src/playlists/playlistsRouter.js
FNF:0
FNH:0
DA:1,0
DA:2,0
DA:14,0
DA:16,0
DA:18,0
DA:19,0
DA:21,0
DA:23,0
DA:27,0
DA:30,0
DA:33,0
DA:37,0
DA:40,0
DA:41,0
LF:14
LH:0
BRF:0
BRH:0
end_of_record
TN:
SF:/Users/baronwilleford/Documents/node_stuff/power-hourer-server/src/users/userModel.js
FNF:0
FNH:0
DA:4,1
LF:1
LH:1
BRF:0
BRH:0
end_of_record
TN:
SF:/Users/baronwilleford/Documents/node_stuff/power-hourer-server/src/users/usersController.js
FN:17,_interopRequireDefault
FN:17,userPlaylists
FN:17,(anonymous_2)
FN:17,(anonymous_3)
FN:17,findOrCreateUser
FN:26,(anonymous_5)
FN:34,(anonymous_6)
FN:37,(anonymous_7)
FN:38,(anonymous_8)
FN:46,(anonymous_9)
FNF:10
FNH:0
FNDA:0,_interopRequireDefault
FNDA:0,userPlaylists
FNDA:0,(anonymous_2)
FNDA:0,(anonymous_3)
FNDA:0,findOrCreateUser
FNDA:0,(anonymous_5)
FNDA:0,(anonymous_6)
FNDA:0,(anonymous_7)
FNDA:0,(anonymous_8)
FNDA:0,(anonymous_9)
DA:1,0
DA:6,0
DA:17,0
DA:18,0
DA:19,0
DA:21,0
DA:23,0
DA:27,0
DA:28,0
DA:30,0
DA:31,0
DA:33,0
DA:35,0
DA:36,0
DA:38,0
DA:40,0
DA:41,0
DA:44,0
DA:46,0
DA:47,0
DA:48,0
DA:50,0
DA:51,0
LF:23
LH:0
BRDA:17,0,0,0
BRDA:17,0,1,0
BRDA:17,1,0,0
BRDA:17,1,1,0
BRDA:17,2,0,0
BRDA:17,2,1,0
BRDA:27,3,0,0
BRDA:27,3,1,0
BRDA:35,4,0,0
BRDA:35,4,1,0
BRDA:41,5,0,0
BRDA:41,5,1,0
BRDA:47,6,0,0
BRDA:47,6,1,0
BRF:14
BRH:0
end_of_record
TN:
SF:/Users/baronwilleford/Documents/node_stuff/power-hourer-server/src/users/usersRouter.js
FNF:0
FNH:0
DA:1,0
DA:2,0
DA:7,0
DA:9,0
DA:13,0
DA:16,0
DA:17,0
LF:7
LH:0
BRF:0
BRH:0
end_of_record
TN:
SF:/Users/baronwilleford/Documents/node_stuff/power-hourer-server/src/utils/test_setup.js
FNF:0
FNH:0
DA:3,1
DA:4,1
LF:2
LH:2
BRF:0
BRH:0
end_of_record
